20:51:04 **** Incremental Build of configuration Debug for project CPPcodes ****
make all 
Building file: ../hackerearth/data_transfer.cc
Invoking: Cross G++ Compiler
g++ -O0 -g3 -Wall -c -fmessage-length=0 -MMD -MP -MF"hackerearth/data_transfer.d" -MT"hackerearth/data_transfer.d" -o "hackerearth/data_transfer.o" "../hackerearth/data_transfer.cc"
Finished building: ../hackerearth/data_transfer.cc
 
Building file: ../hackerearth/number_theory.cc
Invoking: Cross G++ Compiler
g++ -O0 -g3 -Wall -c -fmessage-length=0 -MMD -MP -MF"hackerearth/number_theory.d" -MT"hackerearth/number_theory.d" -o "hackerearth/number_theory.o" "../hackerearth/number_theory.cc"
Finished building: ../hackerearth/number_theory.cc
 
Building target: CPPcodes
Invoking: Cross G++ Linker
g++  -o "CPPcodes"  ./hackerearth/data_transfer.o ./hackerearth/easylife.o ./hackerearth/number_theory.o ./hackerearth/template.o  ./code_snippets/euler_totient.o ./code_snippets/maximum_density_subgraph.o  ./segment_tree.o   
./hackerearth/easylife.o: In function `main':
/home/qwerty/Desktop/mycodes/Workspace/CPPcodes/Debug/../hackerearth/easylife.cc:366: multiple definition of `main'
makefile:46: recipe for target 'CPPcodes' failed
./hackerearth/data_transfer.o:/home/qwerty/Desktop/mycodes/Workspace/CPPcodes/Debug/../hackerearth/data_transfer.cc:100: first defined here
./hackerearth/template.o: In function `__gnu_cxx::new_allocator<std::__cxx11::basic_string<char, std::char_traits<char>, std::allocator<char> > >::new_allocator()':
/usr/include/c++/5/bits/vector.tcc:326: multiple definition of `split(std::__cxx11::basic_string<char, std::char_traits<char>, std::allocator<char> >, std::__cxx11::basic_string<char, std::char_traits<char>, std::allocator<char> >)'
./hackerearth/data_transfer.o:/home/qwerty/Desktop/mycodes/Workspace/CPPcodes/Debug/../hackerearth/data_transfer.cc:71: first defined here
./segment_tree.o:(.bss+0x0): multiple definition of `n'
./hackerearth/number_theory.o:(.bss+0x0): first defined here
/usr/bin/ld: Warning: size of symbol `n' changed from 8 in ./hackerearth/number_theory.o to 4 in ./segment_tree.o
collect2: error: ld returned 1 exit status
make: *** [CPPcodes] Error 1

20:51:09 Build Finished (took 5s.577ms)

