17:21:44 **** Clean-only build of configuration Debug for project CPPcodes ****
make clean 
rm -rf  ./hackerearth/easylife.d ./hackerearth/template.d  ./code_snippets/euler_totient.d ./code_snippets/maximum_density_subgraph.d  ./segment_tree.d  ./hackerearth/easylife.o ./hackerearth/template.o  ./code_snippets/euler_totient.o ./code_snippets/maximum_density_subgraph.o  ./segment_tree.o  CPPcodes
 
17:21:50 **** Build of configuration Debug for project CPPcodes ****
make all 
Building file: ../hackerearth/easylife.cc
Invoking: Cross G++ Compiler
g++ -O0 -g3 -Wall -c -fmessage-length=0 -MMD -MP -MF"hackerearth/easylife.d" -MT"hackerearth/easylife.d" -o "hackerearth/easylife.o" "../hackerearth/easylife.cc"
../hackerearth/easylife.cc: In function ‘void rev_bfs(int)’:
../hackerearth/easylife.cc:46:21: warning: comparison between signed and unsigned integer expressions [-Wsign-compare]
   for (int k = 0; k < r_aj[u].size(); k++) {
                     ^
../hackerearth/easylife.cc: In function ‘int retreat(int&, int)’:
../hackerearth/easylife.cc:63:20: warning: comparison between signed and unsigned integer expressions [-Wsign-compare]
  for (int j = 0; j < aj[i].size(); j++) {
                    ^
../hackerearth/easylife.cc: In function ‘LL maxflow(int, int)’:
../hackerearth/easylife.cc:82:27: warning: comparison between signed and unsigned integer expressions [-Wsign-compare]
   for (j = cur_node[i]; j < aj[i].size(); j++) {
                           ^
../hackerearth/easylife.cc:87:9: warning: comparison between signed and unsigned integer expressions [-Wsign-compare]
   if (j < aj[i].size()) {
         ^
../hackerearth/easylife.cc: In function ‘void find_min_cut(int, int, std::vector<int>&, std::vector<int>&)’:
../hackerearth/easylife.cc:125:20: warning: comparison between signed and unsigned integer expressions [-Wsign-compare]
  for (int i = 0; i < aj[u].size(); ++i)
                    ^
../hackerearth/easylife.cc: In function ‘LL get_weight(const std::vector<int>&, const std::vector<std::vector<int> >&, const std::vector<std::vector<long long int> >&)’:
../hackerearth/easylife.cc:134:20: warning: comparison between signed and unsigned integer expressions [-Wsign-compare]
  for (int i = 0; i < subset.size(); ++i)
                    ^
../hackerearth/easylife.cc:137:20: warning: comparison between signed and unsigned integer expressions [-Wsign-compare]
  for (int i = 0; i < subset.size(); ++i) {
                    ^
../hackerearth/easylife.cc:139:21: warning: comparison between signed and unsigned integer expressions [-Wsign-compare]
   for (int j = 0; j < G[u].size(); ++j) {
                     ^
../hackerearth/easylife.cc: In function ‘std::vector<int> maximum_density_subgraph(const std::vector<std::vector<int> >&, const std::vector<std::vector<long long int> >&)’:
../hackerearth/easylife.cc:156:21: warning: comparison between signed and unsigned integer expressions [-Wsign-compare]
   for (int j = 0; j < W[i].size(); ++j)
                     ^
../hackerearth/easylife.cc:181:22: warning: comparison between signed and unsigned integer expressions [-Wsign-compare]
    for (int j = 0; j < G[i].size(); ++j)
                      ^
../hackerearth/easylife.cc:201:7: warning: unused variable ‘weight’ [-Wunused-variable]
    LL weight = get_weight(res, G, W);
       ^
../hackerearth/easylife.cc: In function ‘std::vector<int> brute_force(const std::vector<std::vector<int> >&, const std::vector<std::vector<long long int> >&)’:
../hackerearth/easylife.cc:224:17: warning: comparison between signed and unsigned integer expressions [-Wsign-compare]
   if (w * bestn > bestw * cur.size())
                 ^
../hackerearth/easylife.cc: In function ‘bool density_gt(LL, const std::vector<std::vector<int> >&, const std::vector<std::vector<long long int> >&, std::vector<int>&)’:
../hackerearth/easylife.cc:287:21: warning: comparison between signed and unsigned integer expressions [-Wsign-compare]
   for (int j = 0; j < W[i].size(); ++j)
                     ^
../hackerearth/easylife.cc:301:21: warning: comparison between signed and unsigned integer expressions [-Wsign-compare]
   for (int j = 0; j < G[i].size(); ++j)
                     ^
../hackerearth/easylife.cc: In function ‘std::pair<int, std::vector<int> > faster_solve(int, const std::vector<std::pair<int, int> >&, const std::vector<std::pair<long long int, long long int> >&)’:
../hackerearth/easylife.cc:323:20: warning: comparison between signed and unsigned integer expressions [-Wsign-compare]
  for (int i = 0; i < e.size(); ++i) {
                    ^
../hackerearth/easylife.cc: In function ‘std::pair<int, std::vector<int> > solve(int, const std::vector<std::pair<int, int> >&, const std::vector<std::pair<long long int, long long int> >&)’:
../hackerearth/easylife.cc:366:20: warning: comparison between signed and unsigned integer expressions [-Wsign-compare]
  for (int i = 0; i < e.size(); ++i) {
                    ^
../hackerearth/easylife.cc:393:11: warning: comparison between signed and unsigned integer expressions [-Wsign-compare]
  if(weight>res.size()){
           ^
../hackerearth/easylife.cc: In function ‘std::pair<int, std::vector<int> > bf(int, const std::vector<std::pair<int, int> >&, const std::vector<std::pair<long long int, long long int> >&)’:
../hackerearth/easylife.cc:409:20: warning: comparison between signed and unsigned integer expressions [-Wsign-compare]
  for (int i = 0; i < e.size(); ++i)
                    ^
../hackerearth/easylife.cc: In function ‘void GST_test()’:
../hackerearth/easylife.cc:587:22: warning: comparison between signed and unsigned integer expressions [-Wsign-compare]
    for (int i = 0; i < res1.second.size(); ++i)
                      ^
../hackerearth/easylife.cc:593:22: warning: comparison between signed and unsigned integer expressions [-Wsign-compare]
    for (int i = 0; i < res0.second.size(); ++i)
                      ^
../hackerearth/easylife.cc: In function ‘int main()’:
../hackerearth/easylife.cc:625:35: warning: format ‘%d’ expects argument of type ‘int’, but argument 2 has type ‘std::vector<int>::size_type {aka long unsigned int}’ [-Wformat=]
   printf("%d\n", res.second.size());
                                   ^
../hackerearth/easylife.cc:626:21: warning: comparison between signed and unsigned integer expressions [-Wsign-compare]
   for (int i = 0; i < res.second.size(); ++i) {
                     ^
../hackerearth/easylife.cc: In function ‘std::pair<int, std::vector<int> > solve(int, const std::vector<std::pair<int, int> >&, const std::vector<std::pair<long long int, long long int> >&)’:
../hackerearth/easylife.cc:398:1: warning: control reaches end of non-void function [-Wreturn-type]
 }
 ^
Finished building: ../hackerearth/easylife.cc
 
Building file: ../hackerearth/template.cc
Invoking: Cross G++ Compiler
g++ -O0 -g3 -Wall -c -fmessage-length=0 -MMD -MP -MF"hackerearth/template.d" -MT"hackerearth/template.d" -o "hackerearth/template.o" "../hackerearth/template.cc"
Finished building: ../hackerearth/template.cc
 
Building file: ../code_snippets/euler_totient.cc
Invoking: Cross G++ Compiler
g++ -O0 -g3 -Wall -c -fmessage-length=0 -MMD -MP -MF"code_snippets/euler_totient.d" -MT"code_snippets/euler_totient.d" -o "code_snippets/euler_totient.o" "../code_snippets/euler_totient.cc"
Finished building: ../code_snippets/euler_totient.cc
 
Building file: ../code_snippets/maximum_density_subgraph.cc
Invoking: Cross G++ Compiler
g++ -O0 -g3 -Wall -c -fmessage-length=0 -MMD -MP -MF"code_snippets/maximum_density_subgraph.d" -MT"code_snippets/maximum_density_subgraph.d" -o "code_snippets/maximum_density_subgraph.o" "../code_snippets/maximum_density_subgraph.cc"
../code_snippets/maximum_density_subgraph.cc:626:1: warning: "/*" within comment [-Wcomment]
 /*
 ^
Finished building: ../code_snippets/maximum_density_subgraph.cc
 
Building file: ../segment_tree.cc
Invoking: Cross G++ Compiler
g++ -O0 -g3 -Wall -c -fmessage-length=0 -MMD -MP -MF"segment_tree.d" -MT"segment_tree.d" -o "segment_tree.o" "../segment_tree.cc"
Finished building: ../segment_tree.cc
 
Building target: CPPcodes
Invoking: Cross G++ Linker
g++  -o "CPPcodes"  ./hackerearth/easylife.o ./hackerearth/template.o  ./code_snippets/euler_totient.o ./code_snippets/maximum_density_subgraph.o  ./segment_tree.o   
Finished building target: CPPcodes
 
17:23:46 **** Incremental Build of configuration Debug for project CPPcodes ****
make all 
Building file: ../hackerearth/easylife.cc
Invoking: Cross G++ Compiler
g++ -O0 -g3 -Wall -c -fmessage-length=0 -MMD -MP -MF"hackerearth/easylife.d" -MT"hackerearth/easylife.d" -o "hackerearth/easylife.o" "../hackerearth/easylife.cc"
../hackerearth/easylife.cc: In function ‘void rev_bfs(int)’:
../hackerearth/easylife.cc:46:21: warning: comparison between signed and unsigned integer expressions [-Wsign-compare]
   for (int k = 0; k < r_aj[u].size(); k++) {
                     ^
../hackerearth/easylife.cc: In function ‘int retreat(int&, int)’:
../hackerearth/easylife.cc:63:20: warning: comparison between signed and unsigned integer expressions [-Wsign-compare]
  for (int j = 0; j < aj[i].size(); j++) {
                    ^
../hackerearth/easylife.cc: In function ‘LL maxflow(int, int)’:
../hackerearth/easylife.cc:82:27: warning: comparison between signed and unsigned integer expressions [-Wsign-compare]
   for (j = cur_node[i]; j < aj[i].size(); j++) {
                           ^
../hackerearth/easylife.cc:87:9: warning: comparison between signed and unsigned integer expressions [-Wsign-compare]
   if (j < aj[i].size()) {
         ^
../hackerearth/easylife.cc: In function ‘void find_min_cut(int, int, std::vector<int>&, std::vector<int>&)’:
../hackerearth/easylife.cc:125:20: warning: comparison between signed and unsigned integer expressions [-Wsign-compare]
  for (int i = 0; i < aj[u].size(); ++i)
                    ^
../hackerearth/easylife.cc: In function ‘LL get_weight(const std::vector<int>&, const std::vector<std::vector<int> >&, const std::vector<std::vector<long long int> >&)’:
../hackerearth/easylife.cc:134:20: warning: comparison between signed and unsigned integer expressions [-Wsign-compare]
  for (int i = 0; i < subset.size(); ++i)
                    ^
../hackerearth/easylife.cc:137:20: warning: comparison between signed and unsigned integer expressions [-Wsign-compare]
  for (int i = 0; i < subset.size(); ++i) {
                    ^
../hackerearth/easylife.cc:139:21: warning: comparison between signed and unsigned integer expressions [-Wsign-compare]
   for (int j = 0; j < G[u].size(); ++j) {
                     ^
../hackerearth/easylife.cc: In function ‘std::vector<int> maximum_density_subgraph(const std::vector<std::vector<int> >&, const std::vector<std::vector<long long int> >&)’:
../hackerearth/easylife.cc:156:21: warning: comparison between signed and unsigned integer expressions [-Wsign-compare]
   for (int j = 0; j < W[i].size(); ++j)
                     ^
../hackerearth/easylife.cc:181:22: warning: comparison between signed and unsigned integer expressions [-Wsign-compare]
    for (int j = 0; j < G[i].size(); ++j)
                      ^
../hackerearth/easylife.cc:201:7: warning: unused variable ‘weight’ [-Wunused-variable]
    LL weight = get_weight(res, G, W);
       ^
../hackerearth/easylife.cc: In function ‘std::vector<int> brute_force(const std::vector<std::vector<int> >&, const std::vector<std::vector<long long int> >&)’:
../hackerearth/easylife.cc:224:17: warning: comparison between signed and unsigned integer expressions [-Wsign-compare]
   if (w * bestn > bestw * cur.size())
                 ^
../hackerearth/easylife.cc: In function ‘bool density_gt(LL, const std::vector<std::vector<int> >&, const std::vector<std::vector<long long int> >&, std::vector<int>&)’:
../hackerearth/easylife.cc:287:21: warning: comparison between signed and unsigned integer expressions [-Wsign-compare]
   for (int j = 0; j < W[i].size(); ++j)
                     ^
../hackerearth/easylife.cc:301:21: warning: comparison between signed and unsigned integer expressions [-Wsign-compare]
   for (int j = 0; j < G[i].size(); ++j)
                     ^
../hackerearth/easylife.cc: In function ‘std::pair<int, std::vector<int> > faster_solve(int, const std::vector<std::pair<int, int> >&, const std::vector<std::pair<long long int, long long int> >&)’:
../hackerearth/easylife.cc:323:20: warning: comparison between signed and unsigned integer expressions [-Wsign-compare]
  for (int i = 0; i < e.size(); ++i) {
                    ^
../hackerearth/easylife.cc: In function ‘void solve(int, const std::vector<std::pair<int, int> >&, const std::vector<std::pair<long long int, long long int> >&)’:
../hackerearth/easylife.cc:366:20: warning: comparison between signed and unsigned integer expressions [-Wsign-compare]
  for (int i = 0; i < e.size(); ++i) {
                    ^
../hackerearth/easylife.cc:390:11: warning: comparison between signed and unsigned integer expressions [-Wsign-compare]
  if(weight>res.size()){
           ^
Finished building: ../hackerearth/easylife.cc
 
Building target: CPPcodes
Invoking: Cross G++ Linker
g++  -o "CPPcodes"  ./hackerearth/easylife.o ./hackerearth/template.o  ./code_snippets/euler_totient.o ./code_snippets/maximum_density_subgraph.o  ./segment_tree.o   
Finished building target: CPPcodes
 
17:27:43 **** Incremental Build of configuration Debug for project CPPcodes ****
make all 
Building file: ../hackerearth/easylife.cc
Invoking: Cross G++ Compiler
g++ -O0 -g3 -Wall -c -fmessage-length=0 -MMD -MP -MF"hackerearth/easylife.d" -MT"hackerearth/easylife.d" -o "hackerearth/easylife.o" "../hackerearth/easylife.cc"
../hackerearth/easylife.cc: In function ‘void rev_bfs(int)’:
../hackerearth/easylife.cc:46:21: warning: comparison between signed and unsigned integer expressions [-Wsign-compare]
   for (int k = 0; k < r_aj[u].size(); k++) {
                     ^
../hackerearth/easylife.cc: In function ‘int retreat(int&, int)’:
../hackerearth/easylife.cc:63:20: warning: comparison between signed and unsigned integer expressions [-Wsign-compare]
  for (int j = 0; j < aj[i].size(); j++) {
                    ^
../hackerearth/easylife.cc: In function ‘LL maxflow(int, int)’:
../hackerearth/easylife.cc:82:27: warning: comparison between signed and unsigned integer expressions [-Wsign-compare]
   for (j = cur_node[i]; j < aj[i].size(); j++) {
                           ^
../hackerearth/easylife.cc:87:9: warning: comparison between signed and unsigned integer expressions [-Wsign-compare]
   if (j < aj[i].size()) {
         ^
../hackerearth/easylife.cc: In function ‘void find_min_cut(int, int, std::vector<int>&, std::vector<int>&)’:
../hackerearth/easylife.cc:125:20: warning: comparison between signed and unsigned integer expressions [-Wsign-compare]
  for (int i = 0; i < aj[u].size(); ++i)
                    ^
../hackerearth/easylife.cc: In function ‘LL get_weight(const std::vector<int>&, const std::vector<std::vector<int> >&, const std::vector<std::vector<long long int> >&)’:
../hackerearth/easylife.cc:134:20: warning: comparison between signed and unsigned integer expressions [-Wsign-compare]
  for (int i = 0; i < subset.size(); ++i)
                    ^
../hackerearth/easylife.cc:137:20: warning: comparison between signed and unsigned integer expressions [-Wsign-compare]
  for (int i = 0; i < subset.size(); ++i) {
                    ^
../hackerearth/easylife.cc:139:21: warning: comparison between signed and unsigned integer expressions [-Wsign-compare]
   for (int j = 0; j < G[u].size(); ++j) {
                     ^
../hackerearth/easylife.cc: In function ‘std::vector<int> maximum_density_subgraph(const std::vector<std::vector<int> >&, const std::vector<std::vector<long long int> >&)’:
../hackerearth/easylife.cc:156:21: warning: comparison between signed and unsigned integer expressions [-Wsign-compare]
   for (int j = 0; j < W[i].size(); ++j)
                     ^
../hackerearth/easylife.cc:181:22: warning: comparison between signed and unsigned integer expressions [-Wsign-compare]
    for (int j = 0; j < G[i].size(); ++j)
                      ^
../hackerearth/easylife.cc:201:7: warning: unused variable ‘weight’ [-Wunused-variable]
    LL weight = get_weight(res, G, W);
       ^
../hackerearth/easylife.cc: In function ‘std::vector<int> brute_force(const std::vector<std::vector<int> >&, const std::vector<std::vector<long long int> >&)’:
../hackerearth/easylife.cc:224:17: warning: comparison between signed and unsigned integer expressions [-Wsign-compare]
   if (w * bestn > bestw * cur.size())
                 ^
../hackerearth/easylife.cc: In function ‘bool density_gt(LL, const std::vector<std::vector<int> >&, const std::vector<std::vector<long long int> >&, std::vector<int>&)’:
../hackerearth/easylife.cc:287:21: warning: comparison between signed and unsigned integer expressions [-Wsign-compare]
   for (int j = 0; j < W[i].size(); ++j)
                     ^
../hackerearth/easylife.cc:301:21: warning: comparison between signed and unsigned integer expressions [-Wsign-compare]
   for (int j = 0; j < G[i].size(); ++j)
                     ^
../hackerearth/easylife.cc: In function ‘std::pair<int, std::vector<int> > faster_solve(int, const std::vector<std::pair<int, int> >&, const std::vector<std::pair<long long int, long long int> >&)’:
../hackerearth/easylife.cc:323:20: warning: comparison between signed and unsigned integer expressions [-Wsign-compare]
  for (int i = 0; i < e.size(); ++i) {
                    ^
../hackerearth/easylife.cc: In function ‘void solve(int, const std::vector<std::pair<int, int> >&, const std::vector<std::pair<long long int, long long int> >&)’:
../hackerearth/easylife.cc:380:11: warning: comparison between signed and unsigned integer expressions [-Wsign-compare]
  if(weight>res.size()){
           ^
Finished building: ../hackerearth/easylife.cc
 
Building target: CPPcodes
Invoking: Cross G++ Linker
g++  -o "CPPcodes"  ./hackerearth/easylife.o ./hackerearth/template.o  ./code_snippets/euler_totient.o ./code_snippets/maximum_density_subgraph.o  ./segment_tree.o   
Finished building target: CPPcodes
 
17:27:46 **** Incremental Build of configuration Debug for project CPPcodes ****
make all 
Building file: ../hackerearth/easylife.cc
Invoking: Cross G++ Compiler
g++ -O0 -g3 -Wall -c -fmessage-length=0 -MMD -MP -MF"hackerearth/easylife.d" -MT"hackerearth/easylife.d" -o "hackerearth/easylife.o" "../hackerearth/easylife.cc"
../hackerearth/easylife.cc: In function ‘void rev_bfs(int)’:
../hackerearth/easylife.cc:46:21: warning: comparison between signed and unsigned integer expressions [-Wsign-compare]
   for (int k = 0; k < r_aj[u].size(); k++) {
                     ^
../hackerearth/easylife.cc: In function ‘int retreat(int&, int)’:
../hackerearth/easylife.cc:63:20: warning: comparison between signed and unsigned integer expressions [-Wsign-compare]
  for (int j = 0; j < aj[i].size(); j++) {
                    ^
../hackerearth/easylife.cc: In function ‘LL maxflow(int, int)’:
../hackerearth/easylife.cc:82:27: warning: comparison between signed and unsigned integer expressions [-Wsign-compare]
   for (j = cur_node[i]; j < aj[i].size(); j++) {
                           ^
../hackerearth/easylife.cc:87:9: warning: comparison between signed and unsigned integer expressions [-Wsign-compare]
   if (j < aj[i].size()) {
         ^
../hackerearth/easylife.cc: In function ‘void find_min_cut(int, int, std::vector<int>&, std::vector<int>&)’:
../hackerearth/easylife.cc:125:20: warning: comparison between signed and unsigned integer expressions [-Wsign-compare]
  for (int i = 0; i < aj[u].size(); ++i)
                    ^
../hackerearth/easylife.cc: In function ‘LL get_weight(const std::vector<int>&, const std::vector<std::vector<int> >&, const std::vector<std::vector<long long int> >&)’:
../hackerearth/easylife.cc:134:20: warning: comparison between signed and unsigned integer expressions [-Wsign-compare]
  for (int i = 0; i < subset.size(); ++i)
                    ^
../hackerearth/easylife.cc:137:20: warning: comparison between signed and unsigned integer expressions [-Wsign-compare]
  for (int i = 0; i < subset.size(); ++i) {
                    ^
../hackerearth/easylife.cc:139:21: warning: comparison between signed and unsigned integer expressions [-Wsign-compare]
   for (int j = 0; j < G[u].size(); ++j) {
                     ^
../hackerearth/easylife.cc: In function ‘std::vector<int> maximum_density_subgraph(const std::vector<std::vector<int> >&, const std::vector<std::vector<long long int> >&)’:
../hackerearth/easylife.cc:156:21: warning: comparison between signed and unsigned integer expressions [-Wsign-compare]
   for (int j = 0; j < W[i].size(); ++j)
                     ^
../hackerearth/easylife.cc:181:22: warning: comparison between signed and unsigned integer expressions [-Wsign-compare]
    for (int j = 0; j < G[i].size(); ++j)
                      ^
../hackerearth/easylife.cc:201:7: warning: unused variable ‘weight’ [-Wunused-variable]
    LL weight = get_weight(res, G, W);
       ^
../hackerearth/easylife.cc: In function ‘std::vector<int> brute_force(const std::vector<std::vector<int> >&, const std::vector<std::vector<long long int> >&)’:
../hackerearth/easylife.cc:224:17: warning: comparison between signed and unsigned integer expressions [-Wsign-compare]
   if (w * bestn > bestw * cur.size())
                 ^
../hackerearth/easylife.cc: In function ‘bool density_gt(LL, const std::vector<std::vector<int> >&, const std::vector<std::vector<long long int> >&, std::vector<int>&)’:
../hackerearth/easylife.cc:287:21: warning: comparison between signed and unsigned integer expressions [-Wsign-compare]
   for (int j = 0; j < W[i].size(); ++j)
                     ^
../hackerearth/easylife.cc:301:21: warning: comparison between signed and unsigned integer expressions [-Wsign-compare]
   for (int j = 0; j < G[i].size(); ++j)
                     ^
../hackerearth/easylife.cc: In function ‘std::pair<int, std::vector<int> > faster_solve(int, const std::vector<std::pair<int, int> >&, const std::vector<std::pair<long long int, long long int> >&)’:
../hackerearth/easylife.cc:323:20: warning: comparison between signed and unsigned integer expressions [-Wsign-compare]
  for (int i = 0; i < e.size(); ++i) {
                    ^
../hackerearth/easylife.cc: In function ‘void solve(int, const std::vector<std::pair<int, int> >&, const std::vector<std::pair<long long int, long long int> >&)’:
../hackerearth/easylife.cc:379:11: warning: comparison between signed and unsigned integer expressions [-Wsign-compare]
  if(weight>res.size()){
           ^
Finished building: ../hackerearth/easylife.cc
 
Building target: CPPcodes
Invoking: Cross G++ Linker
g++  -o "CPPcodes"  ./hackerearth/easylife.o ./hackerearth/template.o  ./code_snippets/euler_totient.o ./code_snippets/maximum_density_subgraph.o  ./segment_tree.o   
Finished building target: CPPcodes
 
17:50:57 **** Incremental Build of configuration Debug for project CPPcodes ****
make all 
Building file: ../hackerearth/easylife.cc
Invoking: Cross G++ Compiler
g++ -O0 -g3 -Wall -c -fmessage-length=0 -MMD -MP -MF"hackerearth/easylife.d" -MT"hackerearth/easylife.d" -o "hackerearth/easylife.o" "../hackerearth/easylife.cc"
../hackerearth/easylife.cc: In function ‘void rev_bfs(int)’:
../hackerearth/easylife.cc:46:21: warning: comparison between signed and unsigned integer expressions [-Wsign-compare]
   for (int k = 0; k < r_aj[u].size(); k++) {
                     ^
../hackerearth/easylife.cc: In function ‘int retreat(int&, int)’:
../hackerearth/easylife.cc:63:20: warning: comparison between signed and unsigned integer expressions [-Wsign-compare]
  for (int j = 0; j < aj[i].size(); j++) {
                    ^
../hackerearth/easylife.cc: In function ‘LL maxflow(int, int)’:
../hackerearth/easylife.cc:82:27: warning: comparison between signed and unsigned integer expressions [-Wsign-compare]
   for (j = cur_node[i]; j < aj[i].size(); j++) {
                           ^
../hackerearth/easylife.cc:87:9: warning: comparison between signed and unsigned integer expressions [-Wsign-compare]
   if (j < aj[i].size()) {
         ^
../hackerearth/easylife.cc: In function ‘void find_min_cut(int, int, std::vector<int>&, std::vector<int>&)’:
../hackerearth/easylife.cc:125:20: warning: comparison between signed and unsigned integer expressions [-Wsign-compare]
  for (int i = 0; i < aj[u].size(); ++i)
                    ^
../hackerearth/easylife.cc: In function ‘LL get_weight(const std::vector<int>&, const std::vector<std::vector<int> >&, const std::vector<std::vector<long long int> >&)’:
../hackerearth/easylife.cc:134:20: warning: comparison between signed and unsigned integer expressions [-Wsign-compare]
  for (int i = 0; i < subset.size(); ++i)
                    ^
../hackerearth/easylife.cc:137:20: warning: comparison between signed and unsigned integer expressions [-Wsign-compare]
  for (int i = 0; i < subset.size(); ++i) {
                    ^
../hackerearth/easylife.cc:139:21: warning: comparison between signed and unsigned integer expressions [-Wsign-compare]
   for (int j = 0; j < G[u].size(); ++j) {
                     ^
../hackerearth/easylife.cc: In function ‘std::vector<int> maximum_density_subgraph(const std::vector<std::vector<int> >&, const std::vector<std::vector<long long int> >&)’:
../hackerearth/easylife.cc:156:21: warning: comparison between signed and unsigned integer expressions [-Wsign-compare]
   for (int j = 0; j < W[i].size(); ++j)
                     ^
../hackerearth/easylife.cc:181:22: warning: comparison between signed and unsigned integer expressions [-Wsign-compare]
    for (int j = 0; j < G[i].size(); ++j)
                      ^
../hackerearth/easylife.cc:201:7: warning: unused variable ‘weight’ [-Wunused-variable]
    LL weight = get_weight(res, G, W);
       ^
../hackerearth/easylife.cc: In function ‘std::vector<int> brute_force(const std::vector<std::vector<int> >&, const std::vector<std::vector<long long int> >&)’:
../hackerearth/easylife.cc:224:17: warning: comparison between signed and unsigned integer expressions [-Wsign-compare]
   if (w * bestn > bestw * cur.size())
                 ^
../hackerearth/easylife.cc: In function ‘bool density_gt(LL, const std::vector<std::vector<int> >&, const std::vector<std::vector<long long int> >&, std::vector<int>&)’:
hackerearth/subdir.mk:21: recipe for target 'hackerearth/easylife.o' failed
../hackerearth/easylife.cc:287:21: warning: comparison between signed and unsigned integer expressions [-Wsign-compare]
   for (int j = 0; j < W[i].size(); ++j)
                     ^
../hackerearth/easylife.cc:301:21: warning: comparison between signed and unsigned integer expressions [-Wsign-compare]
   for (int j = 0; j < G[i].size(); ++j)
                     ^
../hackerearth/easylife.cc: In function ‘void faster_solve(int, const std::vector<std::pair<int, int> >&, const std::vector<std::pair<long long int, long long int> >&)’:
../hackerearth/easylife.cc:335:14: error: ‘denom’ was not declared in this scope
   density_gt(denom, G, W, res);
              ^
../hackerearth/easylife.cc:342:36: error: a function-definition is not allowed here before ‘{’ token
   const vector<pair<LL, LL> >& ew) {
                                    ^
../hackerearth/easylife.cc:382:1: error: expected ‘}’ at end of input
 }
 ^
make: *** [hackerearth/easylife.o] Error 1
17:52:25 **** Incremental Build of configuration Debug for project CPPcodes ****
make all 
Building file: ../hackerearth/easylife.cc
Invoking: Cross G++ Compiler
g++ -O0 -g3 -Wall -c -fmessage-length=0 -MMD -MP -MF"hackerearth/easylife.d" -MT"hackerearth/easylife.d" -o "hackerearth/easylife.o" "../hackerearth/easylife.cc"
../hackerearth/easylife.cc: In function ‘void rev_bfs(int)’:
../hackerearth/easylife.cc:46:21: warning: comparison between signed and unsigned integer expressions [-Wsign-compare]
   for (int k = 0; k < r_aj[u].size(); k++) {
                     ^
../hackerearth/easylife.cc: In function ‘int retreat(int&, int)’:
../hackerearth/easylife.cc:63:20: warning: comparison between signed and unsigned integer expressions [-Wsign-compare]
  for (int j = 0; j < aj[i].size(); j++) {
                    ^
../hackerearth/easylife.cc: In function ‘LL maxflow(int, int)’:
../hackerearth/easylife.cc:82:27: warning: comparison between signed and unsigned integer expressions [-Wsign-compare]
   for (j = cur_node[i]; j < aj[i].size(); j++) {
                           ^
../hackerearth/easylife.cc:87:9: warning: comparison between signed and unsigned integer expressions [-Wsign-compare]
   if (j < aj[i].size()) {
         ^
../hackerearth/easylife.cc: In function ‘void find_min_cut(int, int, std::vector<int>&, std::vector<int>&)’:
../hackerearth/easylife.cc:125:20: warning: comparison between signed and unsigned integer expressions [-Wsign-compare]
  for (int i = 0; i < aj[u].size(); ++i)
                    ^
../hackerearth/easylife.cc: In function ‘LL get_weight(const std::vector<int>&, const std::vector<std::vector<int> >&, const std::vector<std::vector<long long int> >&)’:
../hackerearth/easylife.cc:134:20: warning: comparison between signed and unsigned integer expressions [-Wsign-compare]
  for (int i = 0; i < subset.size(); ++i)
                    ^
../hackerearth/easylife.cc:137:20: warning: comparison between signed and unsigned integer expressions [-Wsign-compare]
  for (int i = 0; i < subset.size(); ++i) {
                    ^
../hackerearth/easylife.cc:139:21: warning: comparison between signed and unsigned integer expressions [-Wsign-compare]
   for (int j = 0; j < G[u].size(); ++j) {
                     ^
../hackerearth/easylife.cc: In function ‘std::vector<int> maximum_density_subgraph(const std::vector<std::vector<int> >&, const std::vector<std::vector<long long int> >&)’:
../hackerearth/easylife.cc:156:21: warning: comparison between signed and unsigned integer expressions [-Wsign-compare]
   for (int j = 0; j < W[i].size(); ++j)
                     ^
../hackerearth/easylife.cc:181:22: warning: comparison between signed and unsigned integer expressions [-Wsign-compare]
    for (int j = 0; j < G[i].size(); ++j)
                      ^
../hackerearth/easylife.cc:201:7: warning: unused variable ‘weight’ [-Wunused-variable]
    LL weight = get_weight(res, G, W);
       ^
../hackerearth/easylife.cc: In function ‘std::vector<int> brute_force(const std::vector<std::vector<int> >&, const std::vector<std::vector<long long int> >&)’:
../hackerearth/easylife.cc:224:17: warning: comparison between signed and unsigned integer expressions [-Wsign-compare]
   if (w * bestn > bestw * cur.size())
                 ^
../hackerearth/easylife.cc: In function ‘bool density_gt(LL, const std::vector<std::vector<int> >&, const std::vector<std::vector<long long int> >&, std::vector<int>&)’:
../hackerearth/easylife.cc:287:21: warning: comparison between signed and unsigned integer expressions [-Wsign-compare]
   for (int j = 0; j < W[i].size(); ++j)
                     ^
../hackerearth/easylife.cc:301:21: warning: comparison between signed and unsigned integer expressions [-Wsign-compare]
   for (int j = 0; j < G[i].size(); ++j)
                     ^
../hackerearth/easylife.cc: In function ‘void solve(int, const std::vector<std::pair<int, int> >&, const std::vector<std::pair<long long int, long long int> >&)’:
../hackerearth/easylife.cc:355:13: warning: comparison between signed and unsigned integer expressions [-Wsign-compare]
  if (weight > res.size()) {
             ^
Finished building: ../hackerearth/easylife.cc
 
Building target: CPPcodes
Invoking: Cross G++ Linker
g++  -o "CPPcodes"  ./hackerearth/easylife.o ./hackerearth/template.o  ./code_snippets/euler_totient.o ./code_snippets/maximum_density_subgraph.o  ./segment_tree.o   
Finished building target: CPPcodes
 
18:00:18 **** Incremental Build of configuration Debug for project CPPcodes ****
make all 
Building file: ../hackerearth/easylife.cc
Invoking: Cross G++ Compiler
g++ -O0 -g3 -Wall -c -fmessage-length=0 -MMD -MP -MF"hackerearth/easylife.d" -MT"hackerearth/easylife.d" -o "hackerearth/easylife.o" "../hackerearth/easylife.cc"
../hackerearth/easylife.cc: In function ‘void rev_bfs(int)’:
../hackerearth/easylife.cc:46:21: warning: comparison between signed and unsigned integer expressions [-Wsign-compare]
   for (int k = 0; k < r_aj[u].size(); k++) {
                     ^
../hackerearth/easylife.cc: In function ‘int retreat(int&, int)’:
../hackerearth/easylife.cc:63:20: warning: comparison between signed and unsigned integer expressions [-Wsign-compare]
  for (int j = 0; j < aj[i].size(); j++) {
                    ^
../hackerearth/easylife.cc: In function ‘LL maxflow(int, int)’:
../hackerearth/easylife.cc:82:27: warning: comparison between signed and unsigned integer expressions [-Wsign-compare]
   for (j = cur_node[i]; j < aj[i].size(); j++) {
                           ^
../hackerearth/easylife.cc:87:9: warning: comparison between signed and unsigned integer expressions [-Wsign-compare]
   if (j < aj[i].size()) {
         ^
../hackerearth/easylife.cc: In function ‘void find_min_cut(int, int, std::vector<int>&, std::vector<int>&)’:
../hackerearth/easylife.cc:125:20: warning: comparison between signed and unsigned integer expressions [-Wsign-compare]
  for (int i = 0; i < aj[u].size(); ++i)
                    ^
../hackerearth/easylife.cc: In function ‘LL get_weight(const std::vector<int>&, const std::vector<std::vector<int> >&, const std::vector<std::vector<long long int> >&)’:
../hackerearth/easylife.cc:134:20: warning: comparison between signed and unsigned integer expressions [-Wsign-compare]
  for (int i = 0; i < subset.size(); ++i)
                    ^
../hackerearth/easylife.cc:137:20: warning: comparison between signed and unsigned integer expressions [-Wsign-compare]
  for (int i = 0; i < subset.size(); ++i) {
                    ^
../hackerearth/easylife.cc:139:21: warning: comparison between signed and unsigned integer expressions [-Wsign-compare]
   for (int j = 0; j < G[u].size(); ++j) {
                     ^
../hackerearth/easylife.cc: In function ‘std::vector<int> maximum_density_subgraph(const std::vector<std::vector<int> >&, const std::vector<std::vector<long long int> >&)’:
../hackerearth/easylife.cc:156:21: warning: comparison between signed and unsigned integer expressions [-Wsign-compare]
   for (int j = 0; j < W[i].size(); ++j)
                     ^
../hackerearth/easylife.cc:181:22: warning: comparison between signed and unsigned integer expressions [-Wsign-compare]
    for (int j = 0; j < G[i].size(); ++j)
                      ^
../hackerearth/easylife.cc:201:7: warning: unused variable ‘weight’ [-Wunused-variable]
    LL weight = get_weight(res, G, W);
       ^
../hackerearth/easylife.cc: In function ‘std::vector<int> brute_force(const std::vector<std::vector<int> >&, const std::vector<std::vector<long long int> >&)’:
hackerearth/subdir.mk:21: recipe for target 'hackerearth/easylife.o' failed
../hackerearth/easylife.cc:224:17: warning: comparison between signed and unsigned integer expressions [-Wsign-compare]
   if (w * bestn > bestw * cur.size())
                 ^
../hackerearth/easylife.cc: In function ‘bool density_gt(LL, const std::vector<std::vector<int> >&, const std::vector<std::vector<long long int> >&, std::vector<int>&)’:
../hackerearth/easylife.cc:287:21: warning: comparison between signed and unsigned integer expressions [-Wsign-compare]
   for (int j = 0; j < W[i].size(); ++j)
                     ^
../hackerearth/easylife.cc:301:21: warning: comparison between signed and unsigned integer expressions [-Wsign-compare]
   for (int j = 0; j < G[i].size(); ++j)
                     ^
../hackerearth/easylife.cc: In function ‘void solve(int, const std::vector<std::pair<int, int> >&, const std::vector<std::pair<long long int, long long int> >&)’:
../hackerearth/easylife.cc:355:13: warning: comparison between signed and unsigned integer expressions [-Wsign-compare]
  if (weight > res.size()) {
             ^
../hackerearth/easylife.cc:359:3: error: expected ‘,’ or ‘;’ before ‘cout’
   cout<<(weight/g)<<"/"<<(res.size()/g)<<endl;
   ^
../hackerearth/easylife.cc:358:6: warning: unused variable ‘g’ [-Wunused-variable]
   LL g=gcd(weight,res.size())
      ^
make: *** [hackerearth/easylife.o] Error 1
18:00:29 **** Incremental Build of configuration Debug for project CPPcodes ****
make all 
Building file: ../hackerearth/easylife.cc
Invoking: Cross G++ Compiler
g++ -O0 -g3 -Wall -c -fmessage-length=0 -MMD -MP -MF"hackerearth/easylife.d" -MT"hackerearth/easylife.d" -o "hackerearth/easylife.o" "../hackerearth/easylife.cc"
../hackerearth/easylife.cc: In function ‘void rev_bfs(int)’:
../hackerearth/easylife.cc:46:21: warning: comparison between signed and unsigned integer expressions [-Wsign-compare]
   for (int k = 0; k < r_aj[u].size(); k++) {
                     ^
../hackerearth/easylife.cc: In function ‘int retreat(int&, int)’:
../hackerearth/easylife.cc:63:20: warning: comparison between signed and unsigned integer expressions [-Wsign-compare]
  for (int j = 0; j < aj[i].size(); j++) {
                    ^
../hackerearth/easylife.cc: In function ‘LL maxflow(int, int)’:
../hackerearth/easylife.cc:82:27: warning: comparison between signed and unsigned integer expressions [-Wsign-compare]
   for (j = cur_node[i]; j < aj[i].size(); j++) {
                           ^
../hackerearth/easylife.cc:87:9: warning: comparison between signed and unsigned integer expressions [-Wsign-compare]
   if (j < aj[i].size()) {
         ^
../hackerearth/easylife.cc: In function ‘void find_min_cut(int, int, std::vector<int>&, std::vector<int>&)’:
../hackerearth/easylife.cc:125:20: warning: comparison between signed and unsigned integer expressions [-Wsign-compare]
  for (int i = 0; i < aj[u].size(); ++i)
                    ^
../hackerearth/easylife.cc: In function ‘LL get_weight(const std::vector<int>&, const std::vector<std::vector<int> >&, const std::vector<std::vector<long long int> >&)’:
../hackerearth/easylife.cc:134:20: warning: comparison between signed and unsigned integer expressions [-Wsign-compare]
  for (int i = 0; i < subset.size(); ++i)
                    ^
../hackerearth/easylife.cc:137:20: warning: comparison between signed and unsigned integer expressions [-Wsign-compare]
  for (int i = 0; i < subset.size(); ++i) {
                    ^
../hackerearth/easylife.cc:139:21: warning: comparison between signed and unsigned integer expressions [-Wsign-compare]
   for (int j = 0; j < G[u].size(); ++j) {
                     ^
../hackerearth/easylife.cc: In function ‘std::vector<int> maximum_density_subgraph(const std::vector<std::vector<int> >&, const std::vector<std::vector<long long int> >&)’:
../hackerearth/easylife.cc:156:21: warning: comparison between signed and unsigned integer expressions [-Wsign-compare]
   for (int j = 0; j < W[i].size(); ++j)
                     ^
../hackerearth/easylife.cc:181:22: warning: comparison between signed and unsigned integer expressions [-Wsign-compare]
    for (int j = 0; j < G[i].size(); ++j)
                      ^
../hackerearth/easylife.cc:201:7: warning: unused variable ‘weight’ [-Wunused-variable]
hackerearth/subdir.mk:21: recipe for target 'hackerearth/easylife.o' failed
    LL weight = get_weight(res, G, W);
       ^
../hackerearth/easylife.cc: In function ‘std::vector<int> brute_force(const std::vector<std::vector<int> >&, const std::vector<std::vector<long long int> >&)’:
../hackerearth/easylife.cc:224:17: warning: comparison between signed and unsigned integer expressions [-Wsign-compare]
   if (w * bestn > bestw * cur.size())
                 ^
../hackerearth/easylife.cc: In function ‘bool density_gt(LL, const std::vector<std::vector<int> >&, const std::vector<std::vector<long long int> >&, std::vector<int>&)’:
../hackerearth/easylife.cc:287:21: warning: comparison between signed and unsigned integer expressions [-Wsign-compare]
   for (int j = 0; j < W[i].size(); ++j)
                     ^
../hackerearth/easylife.cc:301:21: warning: comparison between signed and unsigned integer expressions [-Wsign-compare]
   for (int j = 0; j < G[i].size(); ++j)
                     ^
../hackerearth/easylife.cc: In function ‘void solve(int, const std::vector<std::pair<int, int> >&, const std::vector<std::pair<long long int, long long int> >&)’:
../hackerearth/easylife.cc:355:13: warning: comparison between signed and unsigned integer expressions [-Wsign-compare]
  if (weight > res.size()) {
             ^
../hackerearth/easylife.cc:359:3: error: expected ‘,’ or ‘;’ before ‘cout’
   cout<<(weight/g)<<"/"<<(res.size()/g)<<endl;
   ^
../hackerearth/easylife.cc:358:6: warning: unused variable ‘g’ [-Wunused-variable]
   LL g=gcd(weight,res.size())
      ^
make: *** [hackerearth/easylife.o] Error 1
18:00:36 **** Incremental Build of configuration Debug for project CPPcodes ****
make all 
Building file: ../hackerearth/easylife.cc
Invoking: Cross G++ Compiler
g++ -O0 -g3 -Wall -c -fmessage-length=0 -MMD -MP -MF"hackerearth/easylife.d" -MT"hackerearth/easylife.d" -o "hackerearth/easylife.o" "../hackerearth/easylife.cc"
../hackerearth/easylife.cc: In function ‘void rev_bfs(int)’:
../hackerearth/easylife.cc:46:21: warning: comparison between signed and unsigned integer expressions [-Wsign-compare]
   for (int k = 0; k < r_aj[u].size(); k++) {
                     ^
../hackerearth/easylife.cc: In function ‘int retreat(int&, int)’:
../hackerearth/easylife.cc:63:20: warning: comparison between signed and unsigned integer expressions [-Wsign-compare]
  for (int j = 0; j < aj[i].size(); j++) {
                    ^
../hackerearth/easylife.cc: In function ‘LL maxflow(int, int)’:
../hackerearth/easylife.cc:82:27: warning: comparison between signed and unsigned integer expressions [-Wsign-compare]
   for (j = cur_node[i]; j < aj[i].size(); j++) {
                           ^
../hackerearth/easylife.cc:87:9: warning: comparison between signed and unsigned integer expressions [-Wsign-compare]
   if (j < aj[i].size()) {
         ^
../hackerearth/easylife.cc: In function ‘void find_min_cut(int, int, std::vector<int>&, std::vector<int>&)’:
../hackerearth/easylife.cc:125:20: warning: comparison between signed and unsigned integer expressions [-Wsign-compare]
  for (int i = 0; i < aj[u].size(); ++i)
                    ^
../hackerearth/easylife.cc: In function ‘LL get_weight(const std::vector<int>&, const std::vector<std::vector<int> >&, const std::vector<std::vector<long long int> >&)’:
../hackerearth/easylife.cc:134:20: warning: comparison between signed and unsigned integer expressions [-Wsign-compare]
  for (int i = 0; i < subset.size(); ++i)
                    ^
../hackerearth/easylife.cc:137:20: warning: comparison between signed and unsigned integer expressions [-Wsign-compare]
  for (int i = 0; i < subset.size(); ++i) {
                    ^
../hackerearth/easylife.cc:139:21: warning: comparison between signed and unsigned integer expressions [-Wsign-compare]
   for (int j = 0; j < G[u].size(); ++j) {
                     ^
../hackerearth/easylife.cc: In function ‘std::vector<int> maximum_density_subgraph(const std::vector<std::vector<int> >&, const std::vector<std::vector<long long int> >&)’:
../hackerearth/easylife.cc:156:21: warning: comparison between signed and unsigned integer expressions [-Wsign-compare]
   for (int j = 0; j < W[i].size(); ++j)
                     ^
../hackerearth/easylife.cc:181:22: warning: comparison between signed and unsigned integer expressions [-Wsign-compare]
    for (int j = 0; j < G[i].size(); ++j)
                      ^
../hackerearth/easylife.cc:201:7: warning: unused variable ‘weight’ [-Wunused-variable]
    LL weight = get_weight(res, G, W);
       ^
../hackerearth/easylife.cc: In function ‘std::vector<int> brute_force(const std::vector<std::vector<int> >&, const std::vector<std::vector<long long int> >&)’:
../hackerearth/easylife.cc:224:17: warning: comparison between signed and unsigned integer expressions [-Wsign-compare]
   if (w * bestn > bestw * cur.size())
                 ^
../hackerearth/easylife.cc: In function ‘bool density_gt(LL, const std::vector<std::vector<int> >&, const std::vector<std::vector<long long int> >&, std::vector<int>&)’:
../hackerearth/easylife.cc:287:21: warning: comparison between signed and unsigned integer expressions [-Wsign-compare]
   for (int j = 0; j < W[i].size(); ++j)
                     ^
../hackerearth/easylife.cc:301:21: warning: comparison between signed and unsigned integer expressions [-Wsign-compare]
   for (int j = 0; j < G[i].size(); ++j)
                     ^
../hackerearth/easylife.cc: In function ‘void solve(int, const std::vector<std::pair<int, int> >&, const std::vector<std::pair<long long int, long long int> >&)’:
../hackerearth/easylife.cc:355:13: warning: comparison between signed and unsigned integer expressions [-Wsign-compare]
  if (weight > res.size()) {
             ^
Finished building: ../hackerearth/easylife.cc
 
Building target: CPPcodes
Invoking: Cross G++ Linker
g++  -o "CPPcodes"  ./hackerearth/easylife.o ./hackerearth/template.o  ./code_snippets/euler_totient.o ./code_snippets/maximum_density_subgraph.o  ./segment_tree.o   
Finished building target: CPPcodes
 
20:51:04 **** Incremental Build of configuration Debug for project CPPcodes ****
make all 
Building file: ../hackerearth/data_transfer.cc
Invoking: Cross G++ Compiler
g++ -O0 -g3 -Wall -c -fmessage-length=0 -MMD -MP -MF"hackerearth/data_transfer.d" -MT"hackerearth/data_transfer.d" -o "hackerearth/data_transfer.o" "../hackerearth/data_transfer.cc"
Finished building: ../hackerearth/data_transfer.cc
 
Building file: ../hackerearth/number_theory.cc
Invoking: Cross G++ Compiler
g++ -O0 -g3 -Wall -c -fmessage-length=0 -MMD -MP -MF"hackerearth/number_theory.d" -MT"hackerearth/number_theory.d" -o "hackerearth/number_theory.o" "../hackerearth/number_theory.cc"
Finished building: ../hackerearth/number_theory.cc
 
Building target: CPPcodes
Invoking: Cross G++ Linker
g++  -o "CPPcodes"  ./hackerearth/data_transfer.o ./hackerearth/easylife.o ./hackerearth/number_theory.o ./hackerearth/template.o  ./code_snippets/euler_totient.o ./code_snippets/maximum_density_subgraph.o  ./segment_tree.o   
./hackerearth/easylife.o: In function `main':
/home/qwerty/Desktop/mycodes/Workspace/CPPcodes/Debug/../hackerearth/easylife.cc:366: multiple definition of `main'
makefile:46: recipe for target 'CPPcodes' failed
./hackerearth/data_transfer.o:/home/qwerty/Desktop/mycodes/Workspace/CPPcodes/Debug/../hackerearth/data_transfer.cc:100: first defined here
./hackerearth/template.o: In function `__gnu_cxx::new_allocator<std::__cxx11::basic_string<char, std::char_traits<char>, std::allocator<char> > >::new_allocator()':
/usr/include/c++/5/bits/vector.tcc:326: multiple definition of `split(std::__cxx11::basic_string<char, std::char_traits<char>, std::allocator<char> >, std::__cxx11::basic_string<char, std::char_traits<char>, std::allocator<char> >)'
./hackerearth/data_transfer.o:/home/qwerty/Desktop/mycodes/Workspace/CPPcodes/Debug/../hackerearth/data_transfer.cc:71: first defined here
./segment_tree.o:(.bss+0x0): multiple definition of `n'
./hackerearth/number_theory.o:(.bss+0x0): first defined here
/usr/bin/ld: Warning: size of symbol `n' changed from 8 in ./hackerearth/number_theory.o to 4 in ./segment_tree.o
collect2: error: ld returned 1 exit status
make: *** [CPPcodes] Error 1
